Compiling the CXX compiler identification source file "CMakeCXXCompilerId.cpp" failed.
Compiler: CMAKE_CXX_COMPILER-NOTFOUND 
Build flags: 
Id flags:  

The output was:
No such file or directory


Compiling the CXX compiler identification source file "CMakeCXXCompilerId.cpp" failed.
Compiler: CMAKE_CXX_COMPILER-NOTFOUND 
Build flags: 
Id flags: -c 

The output was:
No such file or directory


Compiling the CXX compiler identification source file "CMakeCXXCompilerId.cpp" failed.
Compiler: CMAKE_CXX_COMPILER-NOTFOUND 
Build flags: 
Id flags:  

The output was:
No such file or directory


Compiling the CXX compiler identification source file "CMakeCXXCompilerId.cpp" failed.
Compiler: CMAKE_CXX_COMPILER-NOTFOUND 
Build flags: 
Id flags: -c 

The output was:
No such file or directory


Determining if the pthread_create exist failed with the following output:
Change Dir: /home/usman/dev/query-playback/build_dir/CMakeFiles/CMakeTmp

Run Build Command:"/usr/bin/make" "cmTC_43971/fast"
/usr/bin/make -f CMakeFiles/cmTC_43971.dir/build.make CMakeFiles/cmTC_43971.dir/build
make[1]: Entering directory '/home/usman/dev/query-playback/build_dir/CMakeFiles/CMakeTmp'
Building C object CMakeFiles/cmTC_43971.dir/CheckSymbolExists.c.o
/usr/bin/cc    -o CMakeFiles/cmTC_43971.dir/CheckSymbolExists.c.o   -c /home/usman/dev/query-playback/build_dir/CMakeFiles/CMakeTmp/CheckSymbolExists.c
Linking C executable cmTC_43971
/usr/bin/cmake -E cmake_link_script CMakeFiles/cmTC_43971.dir/link.txt --verbose=1
/usr/bin/cc      -rdynamic CMakeFiles/cmTC_43971.dir/CheckSymbolExists.c.o  -o cmTC_43971 
CMakeFiles/cmTC_43971.dir/CheckSymbolExists.c.o: In function `main':
CheckSymbolExists.c:(.text+0x1b): undefined reference to `pthread_create'
collect2: error: ld returned 1 exit status
CMakeFiles/cmTC_43971.dir/build.make:97: recipe for target 'cmTC_43971' failed
make[1]: *** [cmTC_43971] Error 1
make[1]: Leaving directory '/home/usman/dev/query-playback/build_dir/CMakeFiles/CMakeTmp'
Makefile:126: recipe for target 'cmTC_43971/fast' failed
make: *** [cmTC_43971/fast] Error 2

File /home/usman/dev/query-playback/build_dir/CMakeFiles/CMakeTmp/CheckSymbolExists.c:
/* */
#include <pthread.h>

int main(int argc, char** argv)
{
  (void)argv;
#ifndef pthread_create
  return ((int*)(&pthread_create))[argc];
#else
  (void)argc;
  return 0;
#endif
}

Determining if the function pthread_create exists in the pthreads failed with the following output:
Change Dir: /home/usman/dev/query-playback/build_dir/CMakeFiles/CMakeTmp

Run Build Command:"/usr/bin/make" "cmTC_56f7d/fast"
/usr/bin/make -f CMakeFiles/cmTC_56f7d.dir/build.make CMakeFiles/cmTC_56f7d.dir/build
make[1]: Entering directory '/home/usman/dev/query-playback/build_dir/CMakeFiles/CMakeTmp'
Building C object CMakeFiles/cmTC_56f7d.dir/CheckFunctionExists.c.o
/usr/bin/cc   -DCHECK_FUNCTION_EXISTS=pthread_create   -o CMakeFiles/cmTC_56f7d.dir/CheckFunctionExists.c.o   -c /usr/share/cmake-3.9/Modules/CheckFunctionExists.c
Linking C executable cmTC_56f7d
/usr/bin/cmake -E cmake_link_script CMakeFiles/cmTC_56f7d.dir/link.txt --verbose=1
/usr/bin/cc  -DCHECK_FUNCTION_EXISTS=pthread_create    -rdynamic CMakeFiles/cmTC_56f7d.dir/CheckFunctionExists.c.o  -o cmTC_56f7d -lpthreads 
/usr/bin/ld: cannot find -lpthreads
collect2: error: ld returned 1 exit status
CMakeFiles/cmTC_56f7d.dir/build.make:97: recipe for target 'cmTC_56f7d' failed
make[1]: *** [cmTC_56f7d] Error 1
make[1]: Leaving directory '/home/usman/dev/query-playback/build_dir/CMakeFiles/CMakeTmp'
Makefile:126: recipe for target 'cmTC_56f7d/fast' failed
make: *** [cmTC_56f7d/fast] Error 2


